  Using bundled DotNet SDK
  Log file: C:\Users\frits\AppData\Local\UnrealBuildTool\Log.txt
  Invalidating makefile for TanksEditor (working set of source files changed)
  Parsing headers for TanksEditor
    Running UnrealHeaderTool "D:\UE5\project\Tanks\Tanks.uproject" "D:\UE5\project\Tanks\Intermediate\Build\Win64\TanksEditor\Development\TanksEditor.uhtmanifest" -LogCmds="loginit warning, logexit warning, logdatabase error" -Unattended -WarningsAsErrors -abslog="C:\Users\frits\AppData\Local\UnrealBuildTool\Log_UHT.txt" -installed
  Reflection code generated for TanksEditor in 3,3716949 seconds
  Building TanksEditor...
  Using Visual Studio 2019 14.29.30147 toolchain (C:\Program Files (x86)\Microsoft Visual Studio\2019\Community\VC\Tools\MSVC\14.29.30133) and Windows 10.0.18362.0 SDK (C:\Program Files (x86)\Windows Kits\10).
  [Adaptive Build] Excluded from Tanks unity file: TankPawn.cpp, TankPlayerController.cpp, Tanks.cpp, TanksGameModeBase.cpp
  Determining max actions to execute in parallel (6 physical cores, 12 logical cores)
    Executing up to 6 processes, one per physical core
    Requested 1,5 GB free memory per action, 8,26 GB available: limiting max parallel actions to 5
  Building 7 actions with 5 processes...
  [1/7] Compile TankPawn.gen.cpp
  [2/7] Compile Tanks.init.gen.cpp
  [3/7] Compile TankPawn.cpp
  [4/7] Compile TankPlayerController.cpp
  [5/7] Link UnrealEditor-Tanks.lib
     Создается библиотека D:\UE5\project\Tanks\Intermediate\Build\Win64\UnrealEditor\Development\Tanks\UnrealEditor-Tanks.lib и объект D:\UE5\project\Tanks\Intermediate\Build\Win64\UnrealEditor\Development\Tanks\UnrealEditor-Tanks.exp
  [6/7] Link UnrealEditor-Tanks.dll
     Создается библиотека D:\UE5\project\Tanks\Intermediate\Build\Win64\UnrealEditor\Development\Tanks\UnrealEditor-Tanks.suppressed.lib и объект D:\UE5\project\Tanks\Intermediate\Build\Win64\UnrealEditor\Development\Tanks\UnrealEditor-Tanks.suppressed.exp
  [7/7] WriteMetadata TanksEditor.target
  Total time in Parallel executor: 6,06 seconds
  Total execution time: 11,96 seconds
